<?xml version="1.0" encoding="UTF-8"?>
<!-- Generated by org.testng.reporters.JUnitReportReporter -->
<testsuite skipped="0" hostname="Wassila-PC" name="test.AddCustomerTest" tests="1" failures="0" timestamp="2021-08-03T23:39:51 EDT" time="5.974" errors="0">
  <testcase name="validUserShouldBeAbleToCreateCustomer" time="5.974" classname="test.AddCustomerTest"/>
  <system-out/>
</testsuite> <!-- test.AddCustomerTest -->
