<?xml version="1.0" encoding="UTF-8"?>
<!-- Generated by org.testng.reporters.JUnitReportReporter -->
<testsuite skipped="0" hostname="Wassila-PC" name="test.LoginTest" tests="1" failures="0" timestamp="2021-08-02T23:45:23 EDT" time="5.367" errors="0">
  <testcase name="loginTest" time="5.367" classname="test.LoginTest"/>
  <system-out/>
</testsuite> <!-- test.LoginTest -->
